

> web@0.1.0 build /Users/sid/Documents/Projects/open-mool/apps/web
> next build

  [1m[38;2;173;127;168m▲ Next.js 14.2.0[39m[22m

 [37m[1m [22m[39m Creating an optimized production build ...
 [32m[1m✓[22m[39m Compiled successfully
[?25l [37m[1m [22m[39m Linting and checking validity of types  [36m.[39m[2K[1G[1A[2K[1G [37m[1m [22m[39m Linting and checking validity of types  [36m..[39m[2K[1G[1A[2K[1G [37m[1m [22m[39m Linting and checking validity of types  [36m...[39m[2K[1G[1A[2K[1G [37m[1m [22m[39m Linting and checking validity of types  [36m.[39m[2K[1G[1A[2K[1G [37m[1m [22m[39m Linting and checking validity of types  [36m..[39m[2K[1G[1A[2K[1G[?25h [37m[1m [22m[39m Linting and checking validity of types     [32m[1m✓[22m[39m Linting and checking validity of types 
[?25l [37m[1m [22m[39m Collecting page data  [36m.[39m[2K[1G[1A[2K[1G [37m[1m [22m[39m Collecting page data  [36m..[39m[2K[1G[1A[2K[1G [37m[1m [22m[39m Collecting page data  [36m...[39m[2K[1G[1A[2K[1G[?25h [37m[1m [22m[39m Collecting page data     [32m[1m✓[22m[39m Collecting page data 
[?25l [37m[1m [22m[39m Generating static pages (0/5)  [36m[    ][39m[2K[1G[1A[2K[1G [37m[1m [22m[39m Generating static pages (0/5)  [36m[=   ][39m[2K[1G[1A[2K[1G[?25h [32m[1m✓[22m[39m Generating static pages (5/5)
[?25l [37m[1m [22m[39m Finalizing page optimization  [36m.[39m[?25l [37m[1m [22m[39m Collecting build traces  [36m.[39m[2K[1G[1A[2K[1G [37m[1m [22m[39m Finalizing page optimization  [36m..[39m[2K[1G[1A[2K[1G [37m[1m [22m[39m Collecting build traces  [36m..[39m[2K[1G[1A[2K[1G [37m[1m [22m[39m Finalizing page optimization  [36m...[39m[2K[1G[1A[2K[1G [37m[1m [22m[39m Collecting build traces  [36m...[39m[2K[1G[1A[2K[1G [37m[1m [22m[39m Finalizing page optimization  [36m.[39m[2K[1G[1A[2K[1G [37m[1m [22m[39m Collecting build traces  [36m.[39m[2K[1G[1A[2K[1G [37m[1m [22m[39m Finalizing page optimization  [36m..[39m[2K[1G[1A[2K[1G [37m[1m [22m[39m Collecting build traces  [36m..[39m[2K[1G[1A[2K[1G [37m[1m [22m[39m Finalizing page optimization  [36m...[39m[2K[1G[1A[2K[1G [37m[1m [22m[39m Collecting build traces  [36m...[39m[2K[1G[1A[2K[1G [37m[1m [22m[39m Finalizing page optimization  [36m.[39m[2K[1G[1A[2K[1G [37m[1m [22m[39m Collecting build traces  [36m.[39m[2K[1G[1A[2K[1G [37m[1m [22m[39m Finalizing page optimization  [36m..[39m[2K[1G[1A[2K[1G [37m[1m [22m[39m Collecting build traces  [36m..[39m[2K[1G[1A[2K[1G [37m[1m [22m[39m Finalizing page optimization  [36m...[39m[2K[1G[1A[2K[1G [37m[1m [22m[39m Collecting build traces  [36m...[39m[2K[1G[1A[2K[1G [37m[1m [22m[39m Finalizing page optimization  [36m.[39m[2K[1G[1A[2K[1G [37m[1m [22m[39m Collecting build traces  [36m.[39m[2K[1G[1A[2K[1G [37m[1m [22m[39m Finalizing page optimization  [36m..[39m[2K[1G[1A[2K[1G [37m[1m [22m[39m Collecting build traces  [36m..[39m[2K[1G[1A[2K[1G [37m[1m [22m[39m Finalizing page optimization  [36m...[39m[2K[1G[1A[2K[1G [37m[1m [22m[39m Collecting build traces  [36m...[39m[2K[1G[1A[2K[1G [37m[1m [22m[39m Finalizing page optimization  [36m.[39m[2K[1G[1A[2K[1G [37m[1m [22m[39m Collecting build traces  [36m.[39m[2K[1G[1A[2K[1G [37m[1m [22m[39m Finalizing page optimization  [36m..[39m[2K[1G[1A[2K[1G [37m[1m [22m[39m Collecting build traces  [36m..[39m[2K[1G[1A[2K[1G[?25h [37m[1m [22m[39m Collecting build traces     [32m[1m✓[22m[39m Collecting build traces 
[2K[1G[1A[2K[1G[?25h [37m[1m [22m[39m Finalizing page optimization     [32m[1m✓[22m[39m Finalizing page optimization 

[4mRoute (app)[24m                              [4mSize[24m     [4mFirst Load JS[24m
┌ ○ /                                    178 B          [37m[1m93.8 kB[22m[39m
├ ○ /_not-found                          875 B          [37m[1m87.7 kB[22m[39m
└ ○ /about                               178 B          [37m[1m93.8 kB[22m[39m
+ First Load JS shared by all            [37m[1m86.9 kB[22m[39m
  ├ chunks/71ec73ba-5fd05f4979f8a013.js  53.7 kB
  ├ chunks/963-ceda70f40338b743.js       31.4 kB
  └ other shared chunks (total)          1.85 kB


○  (Static)  prerendered as static content

[?25h
